<?xml version="1.0" encoding="UTF-8"?>
<!-- Generated by org.testng.reporters.JUnitReportReporter -->
<testsuite hostname="LAPTOP-652B3EL2" failures="0" tests="1" name="testcases.ManageContactTest" time="8.148" errors="0" timestamp="2025-01-21T08:21:18 IST" skipped="0">
  <testcase classname="testcases.ManageContactTest" name="verifyUserIsAbleToUpdateContactWithValidDetails" time="8.148"/>
</testsuite> <!-- testcases.ManageContactTest -->
