<?xml version="1.0" encoding="UTF-8"?>
<!-- Generated by org.testng.reporters.JUnitReportReporter -->
<testsuite hostname="LAPTOP-652B3EL2" failures="0" tests="6" name="testcases.LoginPageTest" time="22.845" errors="0" timestamp="2025-01-19T19:50:12 IST" skipped="0">
  <testcase classname="testcases.LoginPageTest" name="loginWithInvalidUsernameAndValidPassword" time="3.645"/>
  <testcase classname="testcases.LoginPageTest" name="loginWithValidCredentials" time="4.575"/>
  <testcase classname="testcases.LoginPageTest" name="loginWithInvalidUsernameAndValidPassword" time="3.779"/>
  <testcase classname="testcases.LoginPageTest" name="loginWithValidUsernameAndInvalidPassword" time="3.631"/>
  <testcase classname="testcases.LoginPageTest" name="loginWithInValidUsernameAndInvalidPassword" time="3.669"/>
  <testcase classname="testcases.LoginPageTest" name="loginWithInvalidUsernameAndValidPassword" time="3.546"/>
</testsuite> <!-- testcases.LoginPageTest -->
