<?xml version="1.0" encoding="UTF-8"?>
<!-- Generated by org.testng.reporters.JUnitReportReporter -->
<testsuite hostname="LAPTOP-652B3EL2" failures="0" tests="1" name="testcases.LoginPageTest" time="4.223" errors="0" timestamp="2025-01-17T14:38:56 IST" skipped="0">
  <testcase classname="testcases.LoginPageTest" name="loginWithInValidUsernameAndInvalidPassword" time="4.223"/>
</testsuite> <!-- testcases.LoginPageTest -->
