<?xml version="1.0" encoding="UTF-8"?>
<!-- Generated by org.testng.reporters.JUnitReportReporter -->
<testsuite hostname="LAPTOP-652B3EL2" failures="0" tests="1" name="testcases.ManageCategoryTest" time="10.594" errors="0" timestamp="2025-01-15T19:30:47 IST" skipped="0">
  <testcase classname="testcases.ManageCategoryTest" name="createNewItemUnderManageCategoryPage" time="10.594"/>
</testsuite> <!-- testcases.ManageCategoryTest -->
