<?xml version="1.0" encoding="UTF-8"?>
<!-- Generated by org.testng.reporters.JUnitReportReporter -->
<testsuite hostname="LAPTOP-652B3EL2" failures="0" tests="1" name="testcases.CategoryTest" time="10.513" errors="0" timestamp="2025-01-19T19:50:12 IST" skipped="0">
  <testcase classname="testcases.CategoryTest" name="verifyCategoryItemSearchIsPossible" time="10.513"/>
</testsuite> <!-- testcases.CategoryTest -->
