<?xml version="1.0" encoding="UTF-8"?>
<!-- Generated by org.testng.reporters.JUnitReportReporter -->
<testsuite hostname="LAPTOP-652B3EL2" failures="0" tests="2" name="testcases.ManageGiftAndVouchersTest" time="14.622" errors="0" timestamp="2025-01-17T10:15:15 IST" skipped="0">
  <testcase classname="testcases.ManageGiftAndVouchersTest" name="verifyUserDetailsCreationPossibleInManageGiftVoucherPage" time="6.565"/>
  <testcase classname="testcases.ManageGiftAndVouchersTest" name="verifySearchOfAdminUsersPossible" time="8.057"/>
</testsuite> <!-- testcases.ManageGiftAndVouchersTest -->
