<?xml version="1.0" encoding="UTF-8"?>
<!-- Generated by org.testng.reporters.JUnitReportReporter -->
<testsuite hostname="LAPTOP-652B3EL2" failures="0" tests="2" name="testcases.ManageGiftAndVouchersTest" time="15.446" errors="0" timestamp="2025-01-21T08:24:41 IST" skipped="0">
  <testcase classname="testcases.ManageGiftAndVouchersTest" name="verifyUserIsAbleToAddNewAdminUsersInformationWithValidDatas" time="8.791"/>
  <testcase classname="testcases.ManageGiftAndVouchersTest" name="verifyUserIsAbleToSearchNonExistingAdminUsers" time="6.655"/>
</testsuite> <!-- testcases.ManageGiftAndVouchersTest -->
