<?xml version="1.0" encoding="UTF-8"?>
<!-- Generated by org.testng.reporters.JUnitReportReporter -->
<testsuite hostname="LAPTOP-652B3EL2" failures="0" tests="2" name="testcases.ManageCategoryTest" time="16.814" errors="0" timestamp="2025-01-21T08:16:37 IST" skipped="0">
  <testcase classname="testcases.ManageCategoryTest" name="verifyUserIsAbleToAddNewCategoryWithValidDetails" time="10.247"/>
  <testcase classname="testcases.ManageCategoryTest" name="verifyUserIsAbleToSearchNonExistingItem" time="6.567"/>
</testsuite> <!-- testcases.ManageCategoryTest -->
