<?xml version="1.0" encoding="UTF-8"?>
<!-- Generated by org.testng.reporters.JUnitReportReporter -->
<testsuite hostname="LAPTOP-652B3EL2" failures="0" tests="2" name="testcases.SubCategoryTest" time="16.357" errors="0" timestamp="2025-01-21T08:28:22 IST" skipped="0">
  <testcase classname="testcases.SubCategoryTest" name="verifyUserIsAbleToSearchNonExistingSubCategoryItem" time="6.650"/>
  <testcase classname="testcases.SubCategoryTest" name="verifyUserIsAbleToAddNewSubCategoryWithValidDetails" time="9.707"/>
</testsuite> <!-- testcases.SubCategoryTest -->
