<?xml version="1.0" encoding="UTF-8"?>
<!-- Generated by org.testng.reporters.JUnitReportReporter -->
<testsuite hostname="LAPTOP-652B3EL2" failures="0" tests="2" name="testcases.SubCategoryTest" time="17.790" errors="0" timestamp="2025-01-17T10:16:33 IST" skipped="0">
  <testcase classname="testcases.SubCategoryTest" name="VerifySubCategoryItemSearchPossible" time="7.237"/>
  <testcase classname="testcases.SubCategoryTest" name="VerifyAddNewSubCategoryWithValidDetails" time="10.553"/>
</testsuite> <!-- testcases.SubCategoryTest -->
