<?xml version="1.0" encoding="UTF-8"?>
<!-- Generated by org.testng.reporters.JUnitReportReporter -->
<testsuite hostname="LAPTOP-652B3EL2" failures="0" tests="1" name="testcases.ManageFooterTextTest" time="10.773" errors="0" timestamp="2025-01-15T19:00:37 IST" skipped="0">
  <testcase classname="testcases.ManageFooterTextTest" name="updateDetailsInManageFooterTextPage" time="10.773"/>
</testsuite> <!-- testcases.ManageFooterTextTest -->
