<?xml version="1.0" encoding="UTF-8"?>
<!-- Generated by org.testng.reporters.JUnitReportReporter -->
<testsuite hostname="LAPTOP-652B3EL2" failures="0" tests="2" name="testcases.ManageGiftAndVouchersTest" time="17.890" errors="0" timestamp="2025-01-15T19:07:46 IST" skipped="0">
  <testcase classname="testcases.ManageGiftAndVouchersTest" name="searchAdminUsers" time="7.430"/>
  <testcase classname="testcases.ManageGiftAndVouchersTest" name="createUserDetailsUnderManageGiftVoucherPage" time="10.460"/>
</testsuite> <!-- testcases.ManageGiftAndVouchersTest -->
