<?xml version="1.0" encoding="UTF-8"?>
<!-- Generated by org.testng.reporters.JUnitReportReporter -->
<testsuite hostname="LAPTOP-652B3EL2" failures="0" tests="1" name="testcases.ManageFooterTextTest" time="8.435" errors="0" timestamp="2025-01-21T08:22:57 IST" skipped="0">
  <testcase classname="testcases.ManageFooterTextTest" name="verifyUserIsAbleToUpdateFooterTextWithValidDetails" time="8.435"/>
</testsuite> <!-- testcases.ManageFooterTextTest -->
