<?xml version="1.0" encoding="UTF-8"?>
<!-- Generated by org.testng.reporters.JUnitReportReporter -->
<testsuite hostname="LAPTOP-652B3EL2" failures="0" tests="1" name="testcases.ManageFooterTextTest" time="7.906" errors="0" timestamp="2025-01-17T10:14:34 IST" skipped="0">
  <testcase classname="testcases.ManageFooterTextTest" name="verifyDetailsUpdationPossiblInManageFooterTextPage" time="7.906"/>
</testsuite> <!-- testcases.ManageFooterTextTest -->
