<?xml version="1.0" encoding="UTF-8"?>
<!-- Generated by org.testng.reporters.JUnitReportReporter -->
<testsuite hostname="LAPTOP-652B3EL2" failures="0" tests="1" name="testcases.ManageCategoryTest" time="9.419" errors="0" timestamp="2025-01-17T10:03:35 IST" skipped="0">
  <testcase classname="testcases.ManageCategoryTest" name="verifyNewItemCreationPossibleInManageCategoryPage" time="9.419"/>
</testsuite> <!-- testcases.ManageCategoryTest -->
