<?xml version="1.0" encoding="UTF-8"?>
<!-- Generated by org.testng.reporters.JUnitReportReporter -->
<testsuite hostname="LAPTOP-652B3EL2" failures="0" tests="2" name="testcases.ManageNewsTest" time="12.488" errors="0" timestamp="2025-01-17T10:15:52 IST" skipped="0">
  <testcase classname="testcases.ManageNewsTest" name="verifyNewsCanEnteredInManageNewsPage" time="7.238"/>
  <testcase classname="testcases.ManageNewsTest" name="verifyNewsSearchPossibleInManageNewsPage" time="5.250"/>
</testsuite> <!-- testcases.ManageNewsTest -->
