<?xml version="1.0" encoding="UTF-8"?>
<!-- Generated by org.testng.reporters.JUnitReportReporter -->
<testsuite hostname="LAPTOP-652B3EL2" failures="0" tests="1" name="testcases.CategoryTest" time="7.333" errors="0" timestamp="2025-01-15T20:11:13 IST" skipped="0">
  <testcase classname="testcases.CategoryTest" name="verifySearchUnderCategoryPage" time="7.333"/>
</testsuite> <!-- testcases.CategoryTest -->
