<?xml version="1.0" encoding="UTF-8"?>
<!-- Generated by org.testng.reporters.JUnitReportReporter -->
<testsuite hostname="LAPTOP-652B3EL2" failures="0" tests="1" name="testcases.ManageContactTest" time="10.787" errors="0" timestamp="2025-01-15T18:59:14 IST" skipped="0">
  <testcase classname="testcases.ManageContactTest" name="updateManageContactPage" time="10.787"/>
</testsuite> <!-- testcases.ManageContactTest -->
