<?xml version="1.0" encoding="UTF-8"?>
<!-- Generated by org.testng.reporters.JUnitReportReporter -->
<testsuite hostname="LAPTOP-652B3EL2" failures="0" tests="1" name="testcases.CategoryTest" time="8.055" errors="0" timestamp="2025-01-17T12:00:16 IST" skipped="0">
  <testcase classname="testcases.CategoryTest" name="verifyCategoryItemSearchIsPossible" time="8.055"/>
</testsuite> <!-- testcases.CategoryTest -->
