<?xml version="1.0" encoding="UTF-8"?>
<!-- Generated by org.testng.reporters.JUnitReportReporter -->
<testsuite hostname="LAPTOP-652B3EL2" failures="0" tests="1" name="testcases.ManageContactTest" time="7.095" errors="0" timestamp="2025-01-17T16:20:28 IST" skipped="0">
  <testcase classname="testcases.ManageContactTest" name="verifyDetailsUpdationPossibleInManageContactPage" time="7.095"/>
</testsuite> <!-- testcases.ManageContactTest -->
