<?xml version="1.0" encoding="UTF-8"?>
<!-- Generated by org.testng.reporters.JUnitReportReporter -->
<testsuite hostname="LAPTOP-652B3EL2" failures="0" tests="2" name="testcases.ManageNewsTest" time="13.728" errors="0" timestamp="2025-01-21T08:26:56 IST" skipped="0">
  <testcase classname="testcases.ManageNewsTest" name="verifyUserIsAbleToAddNewNewsWithValidDetails" time="7.869"/>
  <testcase classname="testcases.ManageNewsTest" name="verifyUserIsAbleToSearchNonExistingNews" time="5.859"/>
</testsuite> <!-- testcases.ManageNewsTest -->
